<?xml version="1.0" encoding="UTF-8"?>
<!-- Generated by org.testng.reporters.JUnitReportReporter -->
<testsuite hostname="DESKTOP-14DE18T" failures="0" tests="1" name="automationbyselenium.TestNGkeywordParameter" time="0.015" errors="0" timestamp="2024-01-26T21:50:15 IST" skipped="0">
  <testcase classname="automationbyselenium.TestNGkeywordParameter" name="additionOfTwoNumbers" time="0.015"/>
</testsuite> <!-- automationbyselenium.TestNGkeywordParameter -->
