<?xml version="1.0" encoding="UTF-8"?>
<!-- Generated by org.testng.reporters.JUnitReportReporter -->
<testsuite hostname="DESKTOP-14DE18T" failures="0" tests="8" name="automationbyselenium.TestNGKeyword2" time="0.061" errors="0" timestamp="2024-01-26T21:30:27 IST" skipped="0">
  <testcase classname="automationbyselenium.TestNGKeyword2" name="test4" time="0.006"/>
  <testcase classname="automationbyselenium.TestNGKeyword2" name="test4" time="0.003"/>
  <testcase classname="automationbyselenium.TestNGKeyword2" name="test1" time="0.010"/>
  <testcase classname="automationbyselenium.TestNGKeyword2" name="test4" time="0.010"/>
  <testcase classname="automationbyselenium.TestNGKeyword2" name="test1" time="0.014"/>
  <testcase classname="automationbyselenium.TestNGKeyword2" name="test2" time="0.003"/>
  <testcase classname="automationbyselenium.TestNGKeyword2" name="test3" time="0.005"/>
  <testcase classname="automationbyselenium.TestNGKeyword2" name="test4" time="0.010"/>
</testsuite> <!-- automationbyselenium.TestNGKeyword2 -->
