<?xml version="1.0" encoding="UTF-8"?>
<!-- Generated by org.testng.reporters.JUnitReportReporter -->
<testsuite hostname="DESKTOP-14DE18T" failures="0" tests="4" name="automationbyselenium.TestNGKeywords" time="0.023" errors="0" timestamp="2024-01-26T21:27:36 IST" skipped="0">
  <testcase classname="automationbyselenium.TestNGKeywords" name="test4" time="0.012"/>
  <testcase classname="automationbyselenium.TestNGKeywords" name="test3" time="0.003"/>
  <testcase classname="automationbyselenium.TestNGKeywords" name="test2" time="0.005"/>
  <testcase classname="automationbyselenium.TestNGKeywords" name="test1" time="0.003"/>
</testsuite> <!-- automationbyselenium.TestNGKeywords -->
