<?xml version="1.0" encoding="UTF-8"?>
<!-- Generated by org.testng.reporters.JUnitReportReporter -->
<testsuite hostname="DESKTOP-14DE18T" failures="0" tests="4" name="automationbyselenium.TestNG" time="0.031" errors="0" timestamp="2024-01-26T21:16:30 IST" skipped="0">
  <testcase classname="automationbyselenium.TestNG" name="test2" time="0.007"/>
  <testcase classname="automationbyselenium.TestNG" name="test3" time="0.006"/>
  <testcase classname="automationbyselenium.TestNG" name="test1" time="0.013"/>
  <testcase classname="automationbyselenium.TestNG" name="test4" time="0.005"/>
</testsuite> <!-- automationbyselenium.TestNG -->
